Removed Pin From Net: NetName=3.3V Pin=P1-1
Removed Pin From Net: NetName=Reset Pin=P1-2
Removed Pin From Net: NetName=PB11 Pin=P1-3
Removed Pin From Net: NetName=PB10 Pin=P1-4
Removed Pin From Net: NetName=PB1 Pin=P1-5
Removed Pin From Net: NetName=PB0 Pin=P1-6
Removed Pin From Net: NetName=PA7 Pin=P1-7
Removed Pin From Net: NetName=PA6 Pin=P1-8
Removed Pin From Net: NetName=PA5 Pin=P1-9
Removed Pin From Net: NetName=PA4 Pin=P1-10
Removed Pin From Net: NetName=PA3 Pin=P1-11
Removed Pin From Net: NetName=PA2 Pin=P1-12
Removed Pin From Net: NetName=PA1 Pin=P1-13
Removed Pin From Net: NetName=PA0 Pin=P1-14
Removed Pin From Net: NetName=5V Pin=P1-15
Removed Pin From Net: NetName=5V Pin=P1-16
Removed Pin From Net: NetName=5V Pin=P1-17
Removed Pin From Net: NetName=5V Pin=P1-18
Removed Pin From Net: NetName=GND Pin=P1-19
Removed Pin From Net: NetName=PA11 Pin=P1-20
Removed Pin From Net: NetName=PA12 Pin=P1-21
Removed Pin From Net: NetName=PA15 Pin=P1-22
Removed Pin From Net: NetName=PB3 Pin=P1-23
Removed Pin From Net: NetName=PB4 Pin=P1-24
Removed Pin From Net: NetName=PB5 Pin=P1-25
Removed Pin From Net: NetName=GND Pin=P1-26
Removed Pin From Net: NetName=GND Pin=P1-27
Removed Pin From Net: NetName=GND Pin=P1-28
Removed Pin From Net: NetName=GND Pin=P2-1
Removed Pin From Net: NetName=VB Pin=P2-2
Removed Pin From Net: NetName=5V Pin=P2-3
Removed Pin From Net: NetName=USART_RTS Pin=P4-1
Removed Pin From Net: NetName=USART_CTS Pin=P4-2
Removed Pin From Net: NetName=MOSI Pin=P4-3
Removed Pin From Net: NetName=MISO Pin=P4-4
Removed Pin From Net: NetName=SCK Pin=P4-5
Removed Pin From Net: NetName=NSS Pin=P4-6
Removed Pin From Net: NetName=LPA10 Pin=P4-7
Removed Pin From Net: NetName=LPA9 Pin=P4-8
Removed Pin From Net: NetName=LPA8 Pin=P4-9
Removed Pin From Net: NetName=LPA0 Pin=P5-1
Removed Pin From Net: NetName=LPC13 Pin=P5-2
Removed Pin From Net: NetName=SDA Pin=P5-3
Removed Pin From Net: NetName=SCL Pin=P5-4
Removed Pin From Net: NetName=USART_RX Pin=P5-5
Removed Pin From Net: NetName=USART_TX Pin=P5-6
Removed Pin From Net: NetName=LPB5 Pin=P5-7
Removed Pin From Net: NetName=LPA3 Pin=P6-1
Removed Pin From Net: NetName=LPB4 Pin=P6-2
Removed Pin From Net: NetName=LPB3 Pin=P6-3
Removed Pin From Net: NetName=LPA15 Pin=P6-4
Removed Pin From Net: NetName=NC Pin=P6-5
Removed Pin From Net: NetName=GND Pin=P6-6
Removed Pin From Net: NetName=RX1 Pin=P6-7
Removed Pin From Net: NetName=SWDIO Pin=P6-8
Removed Pin From Net: NetName=PB15 Pin=R1-1
Removed Pin From Net: NetName=PB6 Pin=R2-1
Removed Pin From Net: NetName=PB15 Pin=R3-1
Removed Pin From Net: NetName=PB6 Pin=R4-1
Removed Pin From Net: NetName=PB14 Pin=R7-1
Removed Pin From Net: NetName=PB7 Pin=R8-1
Removed Pin From Net: NetName=PB14 Pin=R9-1
Removed Pin From Net: NetName=PB7 Pin=R10-1
Removed Pin From Net: NetName=PB13 Pin=R13-1
Removed Pin From Net: NetName=PB8 Pin=R14-1
Removed Pin From Net: NetName=PB13 Pin=R15-1
Removed Pin From Net: NetName=PB8 Pin=R16-1
Removed Pin From Net: NetName=PB12 Pin=R19-1
Removed Pin From Net: NetName=PB9 Pin=R20-1
Removed Pin From Net: NetName=PB12 Pin=R21-1
Removed Pin From Net: NetName=PB9 Pin=R22-1
Removed Member From Class: ClassName=XMini Member=P1
Removed Member From Class: ClassName=XMini Member=P2
Removed Member From Class: ClassName=XMini Member=P4
Removed Member From Class: ClassName=XMini Member=P5
Removed Member From Class: ClassName=XMini Member=P6
Added Pin To Net: NetName=PA7 Pin=R1-1
Added Pin To Net: NetName=PA3 Pin=R2-1
Added Pin To Net: NetName=PA7 Pin=R3-1
Added Pin To Net: NetName=PA3 Pin=R4-1
Added Pin To Net: NetName=PA6 Pin=R7-1
Added Pin To Net: NetName=PA2 Pin=R8-1
Added Pin To Net: NetName=PA6 Pin=R9-1
Added Pin To Net: NetName=PA2 Pin=R10-1
Added Pin To Net: NetName=PA5 Pin=R13-1
Added Pin To Net: NetName=PA1 Pin=R14-1
Added Pin To Net: NetName=PA5 Pin=R15-1
Added Pin To Net: NetName=PA1 Pin=R16-1
Added Pin To Net: NetName=PA4 Pin=R19-1
Added Pin To Net: NetName=PA0 Pin=R20-1
Added Pin To Net: NetName=PA4 Pin=R21-1
Added Pin To Net: NetName=PA0 Pin=R22-1
Added Room: Name=XMini
