Added Pin To Net: NetName=VB Pin=BluePill1-1
Added Pin To Net: NetName=PA0 Pin=BluePill1-5
Added Pin To Net: NetName=PA1 Pin=BluePill1-6
Added Pin To Net: NetName=PA2 Pin=BluePill1-7
Added Pin To Net: NetName=PA3 Pin=BluePill1-8
Added Pin To Net: NetName=PA4 Pin=BluePill1-9
Added Pin To Net: NetName=PA5 Pin=BluePill1-10
Added Pin To Net: NetName=PA6 Pin=BluePill1-11
Added Pin To Net: NetName=PA7 Pin=BluePill1-12
Added Pin To Net: NetName=PB0 Pin=BluePill1-13
Added Pin To Net: NetName=PB1 Pin=BluePill1-14
Added Pin To Net: NetName=PB10 Pin=BluePill1-15
Added Pin To Net: NetName=PB11 Pin=BluePill1-16
Added Pin To Net: NetName=Reset Pin=BluePill1-17
Added Pin To Net: NetName=3.3V Pin=BluePill1-18
Added Pin To Net: NetName=GND Pin=BluePill1-19
Added Pin To Net: NetName=GND Pin=BluePill1-20
Added Pin To Net: NetName=PB12 Pin=BluePill1-21
Added Pin To Net: NetName=PB13 Pin=BluePill1-22
Added Pin To Net: NetName=PB14 Pin=BluePill1-23
Added Pin To Net: NetName=PB15 Pin=BluePill1-24
Added Pin To Net: NetName=PA8 Pin=BluePill1-25
Added Pin To Net: NetName=TX1 Pin=BluePill1-26
Added Pin To Net: NetName=RX1 Pin=BluePill1-27
Added Pin To Net: NetName=PA11 Pin=BluePill1-28
Added Pin To Net: NetName=PA12 Pin=BluePill1-29
Added Pin To Net: NetName=PA15 Pin=BluePill1-30
Added Pin To Net: NetName=PB3 Pin=BluePill1-31
Added Pin To Net: NetName=PB4 Pin=BluePill1-32
Added Pin To Net: NetName=PB5 Pin=BluePill1-33
Added Pin To Net: NetName=PB6 Pin=BluePill1-34
Added Pin To Net: NetName=PB7 Pin=BluePill1-35
Added Pin To Net: NetName=PB8 Pin=BluePill1-36
Added Pin To Net: NetName=PB9 Pin=BluePill1-37
Added Pin To Net: NetName=5V Pin=BluePill1-38
Added Pin To Net: NetName=GND Pin=BluePill1-39
Added Pin To Net: NetName=3.3V Pin=BluePill1-40
Added Pin To Net: NetName=GND Pin=BluePill2-8
Added Pin To Net: NetName=GND Pin=BluePill2-9
Added Pin To Net: NetName=TX1 Pin=BluePill2-12
Added Pin To Net: NetName=TX1 Pin=BluePill2-14
Added Pin To Net: NetName=TX1 Pin=BluePill2-16
Added Pin To Net: NetName=GND Pin=BluePill2-18
Added Pin To Net: NetName=TX1 Pin=BluePill2-20
