Removed Pin From Net: NetName=3.3V Pin=*1-VCC
Removed Pin From Net: NetName=3.3V Pin=C2-1
Removed Pin From Net: NetName=GND Pin=C2-2
Removed Pin From Net: NetName=5V Pin=C3-1
Removed Pin From Net: NetName=GND Pin=C3-2
Removed Pin From Net: NetName=5V Pin=C4-1
Removed Pin From Net: NetName=GND Pin=C4-2
Removed Pin From Net: NetName=3.3V Pin=C5-1
Removed Pin From Net: NetName=GND Pin=C5-2
Removed Pin From Net: NetName=3.3V Pin=P1-21
Removed Pin From Net: NetName=3.3V Pin=P1-22
Removed Pin From Net: NetName=3.3V Pin=P1-23
Removed Pin From Net: NetName=3.3V Pin=P1-24
Removed Pin From Net: NetName=GND Pin=U1-1
Removed Pin From Net: NetName=3.3V Pin=U1-2
Removed Pin From Net: NetName=5V Pin=U1-3
Removed Pin From Net: NetName=3.3V Pin=U1-4
Removed Member From Class: ClassName=XMini Member=C2
Removed Member From Class: ClassName=XMini Member=C3
Removed Member From Class: ClassName=XMini Member=C4
Removed Member From Class: ClassName=XMini Member=C5
Removed Member From Class: ClassName=XMini Member=U1
Added Pin To Net: NetName=5V Pin=*1-VCC
Added Pin To Net: NetName=5V Pin=P1-21
Added Pin To Net: NetName=5V Pin=P1-22
Added Pin To Net: NetName=5V Pin=P1-23
Added Pin To Net: NetName=5V Pin=P1-24
